2024-03-04 15:35:16,038 [Worker-5: Loading available Gradle versions] INFO  o.e.b.c.i.u.g.PublishedGradleVersions - Gradle version information cache is up-to-date. Trying to read.
2024-03-04 15:36:39,966 [Worker-21: Creating project "BreachLock"] INFO  o.e.m.c.i.l.LifecycleMappingFactory - Using org.eclipse.m2e.jdt.JarLifecycleMapping lifecycle mapping for MavenProject: com.breachlock:BreachLock:0.0.1-SNAPSHOT @ /home/tulasi/eclipse-workspace/BreackLock/BreachLock/pom.xml.
2024-03-04 15:36:40,549 [Worker-21: Creating project "BreachLock"] INFO  o.e.m.j.i.AbstractJavaProjectConfigurator - Adding source folder /BreachLock/src/main/java
2024-03-04 15:36:40,550 [Worker-21: Creating project "BreachLock"] INFO  o.e.m.j.i.AbstractJavaProjectConfigurator - Adding resource folder /BreachLock/src/main/resources
2024-03-04 15:36:40,551 [Worker-21: Creating project "BreachLock"] INFO  o.e.m.j.i.AbstractJavaProjectConfigurator - Adding source folder /BreachLock/src/test/java
2024-03-04 15:36:40,551 [Worker-21: Creating project "BreachLock"] INFO  o.e.m.j.i.AbstractJavaProjectConfigurator - Adding resource folder /BreachLock/src/test/resources
2024-03-04 15:36:41,423 [Worker-21: Building] WARN  o.a.m.s.f.DefaultMavenResourcesFiltering - Using platform encoding (UTF-8 actually) to copy filtered resources, i.e. build is platform dependent!
2024-03-04 15:36:41,430 [Worker-21: Building] INFO  o.a.m.s.f.DefaultMavenResourcesFiltering - Copying 0 resource from src/main/resources to target/classes
2024-03-04 15:36:41,439 [Worker-21: Building] WARN  o.a.m.s.f.DefaultMavenResourcesFiltering - Using platform encoding (UTF-8 actually) to copy filtered resources, i.e. build is platform dependent!
2024-03-04 15:36:41,440 [Worker-21: Building] INFO  o.a.m.s.f.DefaultMavenResourcesFiltering - Copying 0 resource from src/test/resources to target/test-classes
2024-03-04 15:40:12,187 [ModalContext] INFO  o.e.a.i.i.DefaultArtifactResolver - Artifact org.apache.maven.archetypes:maven-archetype-quickstart:pom:1.4 is present in the local repository, but cached from a remote repository ID that is unavailable in current build context, verifying that is downloadable from [central (https://repo.maven.apache.org/maven2, default, releases)]
2024-03-04 15:40:12,188 [ModalContext] INFO  o.e.a.i.i.DefaultArtifactResolver - Artifact org.apache.maven.archetypes:maven-archetype-quickstart:pom:1.4 is present in the local repository, but cached from a remote repository ID that is unavailable in current build context, verifying that is downloadable from [central (https://repo.maven.apache.org/maven2, default, releases)]
2024-03-04 15:40:12,578 [ModalContext] INFO  o.e.m.c.i.e.AbstractTransferListenerAdapter - Downloaded https://repo.maven.apache.org/maven2/org/apache/maven/archetypes/maven-archetype-quickstart/1.4/maven-archetype-quickstart-1.4.pom
2024-03-04 15:40:12,691 [ModalContext] INFO  o.e.m.c.i.e.AbstractTransferListenerAdapter - Downloading https://repo.maven.apache.org/maven2/org/apache/maven/archetypes/maven-archetype-bundles/1.4/maven-archetype-bundles-1.4.pom
2024-03-04 15:40:12,699 [ModalContext] INFO  o.e.m.c.i.e.AbstractTransferListenerAdapter - Downloaded https://repo.maven.apache.org/maven2/org/apache/maven/archetypes/maven-archetype-bundles/1.4/maven-archetype-bundles-1.4.pom
2024-03-04 15:40:12,762 [ModalContext] INFO  o.e.a.i.i.DefaultArtifactResolver - Artifact org.apache.maven.archetypes:maven-archetype-quickstart:jar:1.4 is present in the local repository, but cached from a remote repository ID that is unavailable in current build context, verifying that is downloadable from [central (https://repo.maven.apache.org/maven2, default, releases)]
2024-03-04 15:40:12,762 [ModalContext] INFO  o.e.a.i.i.DefaultArtifactResolver - Artifact org.apache.maven.archetypes:maven-archetype-quickstart:jar:1.4 is present in the local repository, but cached from a remote repository ID that is unavailable in current build context, verifying that is downloadable from [central (https://repo.maven.apache.org/maven2, default, releases)]
2024-03-04 15:40:12,822 [ModalContext] INFO  o.e.m.c.i.e.AbstractTransferListenerAdapter - Downloaded https://repo.maven.apache.org/maven2/org/apache/maven/archetypes/maven-archetype-quickstart/1.4/maven-archetype-quickstart-1.4.jar
2024-03-04 15:40:27,712 [Worker-12: Launching mavenrun-1e481f29-c895-41d3-8ee6-13ecb229c87c] INFO  o.eclipse.m2e.core.internal.Bundles - getClasspathEntries(Bundle=org.eclipse.m2e.maven.runtime_3.9.500.20231113-2345 [289])
2024-03-04 15:40:27,713 [Worker-12: Launching mavenrun-1e481f29-c895-41d3-8ee6-13ecb229c87c] INFO  o.eclipse.m2e.core.internal.Bundles - 	Entry: /home/tulasi/.p2/pool/plugins/org.eclipse.m2e.maven.runtime_3.9.500.20231113-2345
2024-03-04 15:40:27,713 [Worker-12: Launching mavenrun-1e481f29-c895-41d3-8ee6-13ecb229c87c] INFO  o.eclipse.m2e.core.internal.Bundles - 	Entry: /home/tulasi/.p2/pool/plugins/org.eclipse.m2e.maven.runtime_3.9.500.20231113-2345/jars/aopalliance-1.0.jar
2024-03-04 15:40:27,713 [Worker-12: Launching mavenrun-1e481f29-c895-41d3-8ee6-13ecb229c87c] INFO  o.eclipse.m2e.core.internal.Bundles - 	Entry: /home/tulasi/.p2/pool/plugins/org.eclipse.m2e.maven.runtime_3.9.500.20231113-2345/jars/guice-5.1.0.jar
2024-03-04 15:40:27,714 [Worker-12: Launching mavenrun-1e481f29-c895-41d3-8ee6-13ecb229c87c] INFO  o.eclipse.m2e.core.internal.Bundles - 	Entry: /home/tulasi/.p2/pool/plugins/org.eclipse.m2e.maven.runtime_3.9.500.20231113-2345/jars/httpclient-4.5.14.jar
2024-03-04 15:40:27,714 [Worker-12: Launching mavenrun-1e481f29-c895-41d3-8ee6-13ecb229c87c] INFO  o.eclipse.m2e.core.internal.Bundles - 	Entry: /home/tulasi/.p2/pool/plugins/org.eclipse.m2e.maven.runtime_3.9.500.20231113-2345/jars/httpcore-4.4.16.jar
2024-03-04 15:40:27,714 [Worker-12: Launching mavenrun-1e481f29-c895-41d3-8ee6-13ecb229c87c] INFO  o.eclipse.m2e.core.internal.Bundles - 	Entry: /home/tulasi/.p2/pool/plugins/org.eclipse.m2e.maven.runtime_3.9.500.20231113-2345/jars/jansi-2.4.0.jar
2024-03-04 15:40:27,714 [Worker-12: Launching mavenrun-1e481f29-c895-41d3-8ee6-13ecb229c87c] INFO  o.eclipse.m2e.core.internal.Bundles - 	Entry: /home/tulasi/.p2/pool/plugins/org.eclipse.m2e.maven.runtime_3.9.500.20231113-2345/jars/jcl-over-slf4j-1.7.36.jar
2024-03-04 15:40:27,714 [Worker-12: Launching mavenrun-1e481f29-c895-41d3-8ee6-13ecb229c87c] INFO  o.eclipse.m2e.core.internal.Bundles - 	Entry: /home/tulasi/.p2/pool/plugins/org.eclipse.m2e.maven.runtime_3.9.500.20231113-2345/jars/maven-artifact-3.9.5.jar
2024-03-04 15:40:27,714 [Worker-12: Launching mavenrun-1e481f29-c895-41d3-8ee6-13ecb229c87c] INFO  o.eclipse.m2e.core.internal.Bundles - 	Entry: /home/tulasi/.p2/pool/plugins/org.eclipse.m2e.maven.runtime_3.9.500.20231113-2345/jars/maven-builder-support-3.9.5.jar
2024-03-04 15:40:27,714 [Worker-12: Launching mavenrun-1e481f29-c895-41d3-8ee6-13ecb229c87c] INFO  o.eclipse.m2e.core.internal.Bundles - 	Entry: /home/tulasi/.p2/pool/plugins/org.eclipse.m2e.maven.runtime_3.9.500.20231113-2345/jars/maven-compat-3.9.5.jar
2024-03-04 15:40:27,714 [Worker-12: Launching mavenrun-1e481f29-c895-41d3-8ee6-13ecb229c87c] INFO  o.eclipse.m2e.core.internal.Bundles - 	Entry: /home/tulasi/.p2/pool/plugins/org.eclipse.m2e.maven.runtime_3.9.500.20231113-2345/jars/maven-core-3.9.5.jar
2024-03-04 15:40:27,714 [Worker-12: Launching mavenrun-1e481f29-c895-41d3-8ee6-13ecb229c87c] INFO  o.eclipse.m2e.core.internal.Bundles - 	Entry: /home/tulasi/.p2/pool/plugins/org.eclipse.m2e.maven.runtime_3.9.500.20231113-2345/jars/maven-embedder-3.9.5.jar
2024-03-04 15:40:27,714 [Worker-12: Launching mavenrun-1e481f29-c895-41d3-8ee6-13ecb229c87c] INFO  o.eclipse.m2e.core.internal.Bundles - 	Entry: /home/tulasi/.p2/pool/plugins/org.eclipse.m2e.maven.runtime_3.9.500.20231113-2345/jars/maven-model-3.9.5.jar
2024-03-04 15:40:27,714 [Worker-12: Launching mavenrun-1e481f29-c895-41d3-8ee6-13ecb229c87c] INFO  o.eclipse.m2e.core.internal.Bundles - 	Entry: /home/tulasi/.p2/pool/plugins/org.eclipse.m2e.maven.runtime_3.9.500.20231113-2345/jars/maven-model-builder-3.9.5.jar
2024-03-04 15:40:27,714 [Worker-12: Launching mavenrun-1e481f29-c895-41d3-8ee6-13ecb229c87c] INFO  o.eclipse.m2e.core.internal.Bundles - 	Entry: /home/tulasi/.p2/pool/plugins/org.eclipse.m2e.maven.runtime_3.9.500.20231113-2345/jars/maven-plugin-api-3.9.5.jar
2024-03-04 15:40:27,715 [Worker-12: Launching mavenrun-1e481f29-c895-41d3-8ee6-13ecb229c87c] INFO  o.eclipse.m2e.core.internal.Bundles - 	Entry: /home/tulasi/.p2/pool/plugins/org.eclipse.m2e.maven.runtime_3.9.500.20231113-2345/jars/maven-repository-metadata-3.9.5.jar
2024-03-04 15:40:27,715 [Worker-12: Launching mavenrun-1e481f29-c895-41d3-8ee6-13ecb229c87c] INFO  o.eclipse.m2e.core.internal.Bundles - 	Entry: /home/tulasi/.p2/pool/plugins/org.eclipse.m2e.maven.runtime_3.9.500.20231113-2345/jars/maven-resolver-api-1.9.16.jar
2024-03-04 15:40:27,715 [Worker-12: Launching mavenrun-1e481f29-c895-41d3-8ee6-13ecb229c87c] INFO  o.eclipse.m2e.core.internal.Bundles - 	Entry: /home/tulasi/.p2/pool/plugins/org.eclipse.m2e.maven.runtime_3.9.500.20231113-2345/jars/maven-resolver-connector-basic-1.9.16.jar
2024-03-04 15:40:27,715 [Worker-12: Launching mavenrun-1e481f29-c895-41d3-8ee6-13ecb229c87c] INFO  o.eclipse.m2e.core.internal.Bundles - 	Entry: /home/tulasi/.p2/pool/plugins/org.eclipse.m2e.maven.runtime_3.9.500.20231113-2345/jars/maven-resolver-impl-1.9.16.jar
2024-03-04 15:40:27,715 [Worker-12: Launching mavenrun-1e481f29-c895-41d3-8ee6-13ecb229c87c] INFO  o.eclipse.m2e.core.internal.Bundles - 	Entry: /home/tulasi/.p2/pool/plugins/org.eclipse.m2e.maven.runtime_3.9.500.20231113-2345/jars/maven-resolver-named-locks-1.9.16.jar
2024-03-04 15:40:27,715 [Worker-12: Launching mavenrun-1e481f29-c895-41d3-8ee6-13ecb229c87c] INFO  o.eclipse.m2e.core.internal.Bundles - 	Entry: /home/tulasi/.p2/pool/plugins/org.eclipse.m2e.maven.runtime_3.9.500.20231113-2345/jars/maven-resolver-provider-3.9.5.jar
2024-03-04 15:40:27,715 [Worker-12: Launching mavenrun-1e481f29-c895-41d3-8ee6-13ecb229c87c] INFO  o.eclipse.m2e.core.internal.Bundles - 	Entry: /home/tulasi/.p2/pool/plugins/org.eclipse.m2e.maven.runtime_3.9.500.20231113-2345/jars/maven-resolver-spi-1.9.16.jar
2024-03-04 15:40:27,715 [Worker-12: Launching mavenrun-1e481f29-c895-41d3-8ee6-13ecb229c87c] INFO  o.eclipse.m2e.core.internal.Bundles - 	Entry: /home/tulasi/.p2/pool/plugins/org.eclipse.m2e.maven.runtime_3.9.500.20231113-2345/jars/maven-resolver-transport-file-1.9.16.jar
2024-03-04 15:40:27,715 [Worker-12: Launching mavenrun-1e481f29-c895-41d3-8ee6-13ecb229c87c] INFO  o.eclipse.m2e.core.internal.Bundles - 	Entry: /home/tulasi/.p2/pool/plugins/org.eclipse.m2e.maven.runtime_3.9.500.20231113-2345/jars/maven-resolver-transport-http-1.9.16.jar
2024-03-04 15:40:27,716 [Worker-12: Launching mavenrun-1e481f29-c895-41d3-8ee6-13ecb229c87c] INFO  o.eclipse.m2e.core.internal.Bundles - 	Entry: /home/tulasi/.p2/pool/plugins/org.eclipse.m2e.maven.runtime_3.9.500.20231113-2345/jars/maven-resolver-transport-wagon-1.9.16.jar
2024-03-04 15:40:27,716 [Worker-12: Launching mavenrun-1e481f29-c895-41d3-8ee6-13ecb229c87c] INFO  o.eclipse.m2e.core.internal.Bundles - 	Entry: /home/tulasi/.p2/pool/plugins/org.eclipse.m2e.maven.runtime_3.9.500.20231113-2345/jars/maven-resolver-util-1.9.16.jar
2024-03-04 15:40:27,716 [Worker-12: Launching mavenrun-1e481f29-c895-41d3-8ee6-13ecb229c87c] INFO  o.eclipse.m2e.core.internal.Bundles - 	Entry: /home/tulasi/.p2/pool/plugins/org.eclipse.m2e.maven.runtime_3.9.500.20231113-2345/jars/maven-settings-3.9.5.jar
2024-03-04 15:40:27,716 [Worker-12: Launching mavenrun-1e481f29-c895-41d3-8ee6-13ecb229c87c] INFO  o.eclipse.m2e.core.internal.Bundles - 	Entry: /home/tulasi/.p2/pool/plugins/org.eclipse.m2e.maven.runtime_3.9.500.20231113-2345/jars/maven-settings-builder-3.9.5.jar
2024-03-04 15:40:27,716 [Worker-12: Launching mavenrun-1e481f29-c895-41d3-8ee6-13ecb229c87c] INFO  o.eclipse.m2e.core.internal.Bundles - 	Entry: /home/tulasi/.p2/pool/plugins/org.eclipse.m2e.maven.runtime_3.9.500.20231113-2345/jars/maven-shared-utils-3.3.4.jar
2024-03-04 15:40:27,716 [Worker-12: Launching mavenrun-1e481f29-c895-41d3-8ee6-13ecb229c87c] INFO  o.eclipse.m2e.core.internal.Bundles - 	Entry: /home/tulasi/.p2/pool/plugins/org.eclipse.m2e.maven.runtime_3.9.500.20231113-2345/jars/org.eclipse.sisu.inject-0.3.5.jar
2024-03-04 15:40:27,716 [Worker-12: Launching mavenrun-1e481f29-c895-41d3-8ee6-13ecb229c87c] INFO  o.eclipse.m2e.core.internal.Bundles - 	Entry: /home/tulasi/.p2/pool/plugins/org.eclipse.m2e.maven.runtime_3.9.500.20231113-2345/jars/org.eclipse.sisu.plexus-0.3.5.jar
2024-03-04 15:40:27,716 [Worker-12: Launching mavenrun-1e481f29-c895-41d3-8ee6-13ecb229c87c] INFO  o.eclipse.m2e.core.internal.Bundles - 	Entry: /home/tulasi/.p2/pool/plugins/org.eclipse.m2e.maven.runtime_3.9.500.20231113-2345/jars/plexus-build-api-0.0.7.jar
2024-03-04 15:40:27,716 [Worker-12: Launching mavenrun-1e481f29-c895-41d3-8ee6-13ecb229c87c] INFO  o.eclipse.m2e.core.internal.Bundles - 	Entry: /home/tulasi/.p2/pool/plugins/org.eclipse.m2e.maven.runtime_3.9.500.20231113-2345/jars/plexus-cipher-2.0.jar
2024-03-04 15:40:27,716 [Worker-12: Launching mavenrun-1e481f29-c895-41d3-8ee6-13ecb229c87c] INFO  o.eclipse.m2e.core.internal.Bundles - 	Entry: /home/tulasi/.p2/pool/plugins/org.eclipse.m2e.maven.runtime_3.9.500.20231113-2345/jars/plexus-classworlds-2.7.0.jar
2024-03-04 15:40:27,717 [Worker-12: Launching mavenrun-1e481f29-c895-41d3-8ee6-13ecb229c87c] INFO  o.eclipse.m2e.core.internal.Bundles - 	Entry: /home/tulasi/.p2/pool/plugins/org.eclipse.m2e.maven.runtime_3.9.500.20231113-2345/jars/plexus-component-annotations-2.1.0.jar
2024-03-04 15:40:27,717 [Worker-12: Launching mavenrun-1e481f29-c895-41d3-8ee6-13ecb229c87c] INFO  o.eclipse.m2e.core.internal.Bundles - 	Entry: /home/tulasi/.p2/pool/plugins/org.eclipse.m2e.maven.runtime_3.9.500.20231113-2345/jars/plexus-interpolation-1.26.jar
2024-03-04 15:40:27,717 [Worker-12: Launching mavenrun-1e481f29-c895-41d3-8ee6-13ecb229c87c] INFO  o.eclipse.m2e.core.internal.Bundles - 	Entry: /home/tulasi/.p2/pool/plugins/org.eclipse.m2e.maven.runtime_3.9.500.20231113-2345/jars/plexus-sec-dispatcher-2.0.jar
2024-03-04 15:40:27,717 [Worker-12: Launching mavenrun-1e481f29-c895-41d3-8ee6-13ecb229c87c] INFO  o.eclipse.m2e.core.internal.Bundles - 	Entry: /home/tulasi/.p2/pool/plugins/org.eclipse.m2e.maven.runtime_3.9.500.20231113-2345/jars/plexus-utils-3.5.1.jar
2024-03-04 15:40:27,717 [Worker-12: Launching mavenrun-1e481f29-c895-41d3-8ee6-13ecb229c87c] INFO  o.eclipse.m2e.core.internal.Bundles - 	Entry: /home/tulasi/.p2/pool/plugins/org.eclipse.m2e.maven.runtime_3.9.500.20231113-2345/jars/wagon-file-3.5.3.jar
2024-03-04 15:40:27,717 [Worker-12: Launching mavenrun-1e481f29-c895-41d3-8ee6-13ecb229c87c] INFO  o.eclipse.m2e.core.internal.Bundles - 	Entry: /home/tulasi/.p2/pool/plugins/org.eclipse.m2e.maven.runtime_3.9.500.20231113-2345/jars/wagon-http-3.5.3.jar
2024-03-04 15:40:27,717 [Worker-12: Launching mavenrun-1e481f29-c895-41d3-8ee6-13ecb229c87c] INFO  o.eclipse.m2e.core.internal.Bundles - 	Entry: /home/tulasi/.p2/pool/plugins/org.eclipse.m2e.maven.runtime_3.9.500.20231113-2345/jars/wagon-http-shared-3.5.3.jar
2024-03-04 15:40:27,717 [Worker-12: Launching mavenrun-1e481f29-c895-41d3-8ee6-13ecb229c87c] INFO  o.eclipse.m2e.core.internal.Bundles - 	Entry: /home/tulasi/.p2/pool/plugins/org.eclipse.m2e.maven.runtime_3.9.500.20231113-2345/jars/wagon-provider-api-3.5.3.jar
2024-03-04 15:40:27,721 [Worker-12: Launching mavenrun-1e481f29-c895-41d3-8ee6-13ecb229c87c] INFO  o.eclipse.m2e.core.internal.Bundles - getClasspathEntries(Bundle=com.google.guava_32.1.3.jre [10])
2024-03-04 15:40:27,722 [Worker-12: Launching mavenrun-1e481f29-c895-41d3-8ee6-13ecb229c87c] INFO  o.eclipse.m2e.core.internal.Bundles - 	Entry: /home/tulasi/.p2/pool/plugins/com.google.guava_32.1.3.jre.jar
2024-03-04 15:40:27,722 [Worker-12: Launching mavenrun-1e481f29-c895-41d3-8ee6-13ecb229c87c] INFO  o.eclipse.m2e.core.internal.Bundles - getClasspathEntries(Bundle=slf4j.api_2.0.11 [507])
2024-03-04 15:40:27,722 [Worker-12: Launching mavenrun-1e481f29-c895-41d3-8ee6-13ecb229c87c] INFO  o.eclipse.m2e.core.internal.Bundles - 	Entry: /home/tulasi/.p2/pool/plugins/slf4j.api_2.0.11.jar
2024-03-04 15:40:27,722 [Worker-12: Launching mavenrun-1e481f29-c895-41d3-8ee6-13ecb229c87c] INFO  o.eclipse.m2e.core.internal.Bundles - getClasspathEntries(Bundle=jakarta.inject.jakarta.inject-api_1.0.5 [22])
2024-03-04 15:40:27,722 [Worker-12: Launching mavenrun-1e481f29-c895-41d3-8ee6-13ecb229c87c] INFO  o.eclipse.m2e.core.internal.Bundles - 	Entry: /home/tulasi/.p2/pool/plugins/jakarta.inject.jakarta.inject-api_1.0.5.jar
2024-03-04 15:40:27,722 [Worker-12: Launching mavenrun-1e481f29-c895-41d3-8ee6-13ecb229c87c] INFO  o.eclipse.m2e.core.internal.Bundles - getClasspathEntries(Bundle=jakarta.annotation-api_1.3.5 [20])
2024-03-04 15:40:27,722 [Worker-12: Launching mavenrun-1e481f29-c895-41d3-8ee6-13ecb229c87c] INFO  o.eclipse.m2e.core.internal.Bundles - 	Entry: /home/tulasi/.p2/pool/plugins/jakarta.annotation-api_1.3.5.jar
2024-03-04 15:40:27,722 [Worker-12: Launching mavenrun-1e481f29-c895-41d3-8ee6-13ecb229c87c] INFO  o.eclipse.m2e.core.internal.Bundles - getClasspathEntries(Bundle=org.apache.commons.cli_1.6.0 [46])
2024-03-04 15:40:27,722 [Worker-12: Launching mavenrun-1e481f29-c895-41d3-8ee6-13ecb229c87c] INFO  o.eclipse.m2e.core.internal.Bundles - 	Entry: /home/tulasi/.p2/pool/plugins/org.apache.commons.cli_1.6.0.jar
2024-03-04 15:40:27,722 [Worker-12: Launching mavenrun-1e481f29-c895-41d3-8ee6-13ecb229c87c] INFO  o.eclipse.m2e.core.internal.Bundles - getClasspathEntries(Bundle=org.apache.commons.commons-codec_1.16.0 [48])
2024-03-04 15:40:27,723 [Worker-12: Launching mavenrun-1e481f29-c895-41d3-8ee6-13ecb229c87c] INFO  o.eclipse.m2e.core.internal.Bundles - 	Entry: /home/tulasi/.p2/pool/plugins/org.apache.commons.commons-codec_1.16.0.jar
2024-03-04 15:40:27,723 [Worker-12: Launching mavenrun-1e481f29-c895-41d3-8ee6-13ecb229c87c] INFO  o.eclipse.m2e.core.internal.Bundles - getClasspathEntries(Bundle=org.apache.commons.lang3_3.13.0 [53])
2024-03-04 15:40:27,723 [Worker-12: Launching mavenrun-1e481f29-c895-41d3-8ee6-13ecb229c87c] INFO  o.eclipse.m2e.core.internal.Bundles - 	Entry: /home/tulasi/.p2/pool/plugins/org.apache.commons.lang3_3.13.0.jar
2024-03-04 15:40:27,723 [Worker-12: Launching mavenrun-1e481f29-c895-41d3-8ee6-13ecb229c87c] INFO  o.eclipse.m2e.core.internal.Bundles - getClasspathEntries(Bundle=com.google.guava.failureaccess_1.0.2 [11])
2024-03-04 15:40:27,723 [Worker-12: Launching mavenrun-1e481f29-c895-41d3-8ee6-13ecb229c87c] INFO  o.eclipse.m2e.core.internal.Bundles - 	Entry: /home/tulasi/.p2/pool/plugins/com.google.guava.failureaccess_1.0.2.jar
2024-03-04 15:40:27,728 [Worker-12: Launching mavenrun-1e481f29-c895-41d3-8ee6-13ecb229c87c] INFO  o.e.m.i.launch.MavenLaunchDelegate - Run build in "/tmp/m2e-archetypeGenerator2701986534932005046":
2024-03-04 15:40:27,731 [Worker-12: Launching mavenrun-1e481f29-c895-41d3-8ee6-13ecb229c87c] INFO  o.e.m.i.launch.MavenLaunchDelegate -  mvn  -DarchetypeGroupId=org.apache.maven.archetypes -DarchetypeArtifactId=maven-archetype-quickstart -DarchetypeVersion=1.4 -DgroupId=com.breachLock -DartifactId=BreachLock -Dversion=0.0.1-SNAPSHOT -Dpackage=com.breachLock.BreachLock -DoutputDirectory=/home/tulasi/eclipse-workspace/BreackLock -Dstyle.color=always -U archetype:generate
2024-03-04 15:40:52,948 [Worker-6: Creating maven-archetype-quickstart] INFO  o.e.m.c.i.p.ProjectConfigurationManager - Collecting project info '/pom.xml' /home/tulasi/eclipse-workspace/BreackLock/BreachLock/pom.xml
2024-03-04 15:40:53,770 [Worker-6: Creating maven-archetype-quickstart] INFO  o.e.m.c.i.l.LifecycleMappingFactory - Using org.eclipse.m2e.jdt.JarLifecycleMapping lifecycle mapping for MavenProject: com.breachLock:BreachLock:0.0.1-SNAPSHOT @ /home/tulasi/eclipse-workspace/BreackLock/BreachLock/pom.xml.
2024-03-04 15:40:54,305 [Worker-6: Creating maven-archetype-quickstart] INFO  o.e.m.j.i.AbstractJavaProjectConfigurator - Adding source folder /BreachLock/src/main/java
2024-03-04 15:40:54,306 [Worker-6: Creating maven-archetype-quickstart] INFO  o.e.m.j.i.AbstractJavaProjectConfigurator - Adding resource folder /BreachLock/src/main/resources
2024-03-04 15:40:54,307 [Worker-6: Creating maven-archetype-quickstart] INFO  o.e.m.j.i.AbstractJavaProjectConfigurator - Adding source folder /BreachLock/src/test/java
2024-03-04 15:40:54,307 [Worker-6: Creating maven-archetype-quickstart] INFO  o.e.m.j.i.AbstractJavaProjectConfigurator - Adding resource folder /BreachLock/src/test/resources
2024-03-04 15:40:54,362 [Worker-6: Creating maven-archetype-quickstart] INFO  o.e.m.c.i.p.ProjectConfigurationManager - Imported and configured 1 project(s) in 1 sec
2024-03-04 15:40:54,655 [Worker-23: Building] INFO  o.e.m.c.i.embedder.EclipseLogger - Using 'UTF-8' encoding to copy filtered resources.
2024-03-04 15:40:54,655 [Worker-23: Building] INFO  o.e.m.c.i.embedder.EclipseLogger - skip non existing resourceDirectory /home/tulasi/eclipse-workspace/BreackLock/BreachLock/src/main/resources
2024-03-04 15:40:54,658 [Worker-23: Building] INFO  o.e.m.c.i.embedder.EclipseLogger - Using 'UTF-8' encoding to copy filtered resources.
2024-03-04 15:40:54,659 [Worker-23: Building] INFO  o.e.m.c.i.embedder.EclipseLogger - skip non existing resourceDirectory /home/tulasi/eclipse-workspace/BreackLock/BreachLock/src/test/resources
2024-03-04 15:41:25,544 [Worker-6: Building] INFO  o.e.m.c.i.embedder.EclipseLogger - Using 'UTF-8' encoding to copy filtered resources.
2024-03-04 15:41:25,545 [Worker-6: Building] INFO  o.e.m.c.i.embedder.EclipseLogger - skip non existing resourceDirectory /home/tulasi/eclipse-workspace/BreackLock/BreachLock/src/main/resources
2024-03-04 15:41:25,549 [Worker-6: Building] INFO  o.e.m.c.i.embedder.EclipseLogger - Using 'UTF-8' encoding to copy filtered resources.
2024-03-04 15:41:25,549 [Worker-6: Building] INFO  o.e.m.c.i.embedder.EclipseLogger - skip non existing resourceDirectory /home/tulasi/eclipse-workspace/BreackLock/BreachLock/src/test/resources
2024-03-04 15:46:40,084 [Worker-20: Building] INFO  o.e.m.c.i.embedder.EclipseLogger - Using 'UTF-8' encoding to copy filtered resources.
2024-03-04 15:46:40,084 [Worker-20: Building] INFO  o.e.m.c.i.embedder.EclipseLogger - skip non existing resourceDirectory /home/tulasi/eclipse-workspace/BreackLock/BreachLock/src/main/resources
2024-03-04 15:46:40,089 [Worker-20: Building] INFO  o.e.m.c.i.embedder.EclipseLogger - Using 'UTF-8' encoding to copy filtered resources.
2024-03-04 15:46:40,089 [Worker-20: Building] INFO  o.e.m.c.i.embedder.EclipseLogger - skip non existing resourceDirectory /home/tulasi/eclipse-workspace/BreackLock/BreachLock/src/test/resources
2024-03-04 15:46:49,333 [Worker-24: Building] INFO  o.e.m.c.i.embedder.EclipseLogger - Using 'UTF-8' encoding to copy filtered resources.
2024-03-04 15:46:49,334 [Worker-24: Building] INFO  o.e.m.c.i.embedder.EclipseLogger - skip non existing resourceDirectory /home/tulasi/eclipse-workspace/BreackLock/BreachLock/src/main/resources
2024-03-04 15:46:49,338 [Worker-24: Building] INFO  o.e.m.c.i.embedder.EclipseLogger - Using 'UTF-8' encoding to copy filtered resources.
2024-03-04 15:46:49,338 [Worker-24: Building] INFO  o.e.m.c.i.embedder.EclipseLogger - skip non existing resourceDirectory /home/tulasi/eclipse-workspace/BreackLock/BreachLock/src/test/resources
2024-03-04 15:47:07,225 [Worker-6: Building] INFO  o.e.m.c.i.embedder.EclipseLogger - Using 'UTF-8' encoding to copy filtered resources.
2024-03-04 15:47:07,225 [Worker-6: Building] INFO  o.e.m.c.i.embedder.EclipseLogger - skip non existing resourceDirectory /home/tulasi/eclipse-workspace/BreackLock/BreachLock/src/main/resources
2024-03-04 15:47:07,228 [Worker-6: Building] INFO  o.e.m.c.i.embedder.EclipseLogger - Using 'UTF-8' encoding to copy filtered resources.
2024-03-04 15:47:07,228 [Worker-6: Building] INFO  o.e.m.c.i.embedder.EclipseLogger - skip non existing resourceDirectory /home/tulasi/eclipse-workspace/BreackLock/BreachLock/src/test/resources
2024-03-04 15:47:31,726 [Worker-24: Building] INFO  o.e.m.c.i.embedder.EclipseLogger - Using 'UTF-8' encoding to copy filtered resources.
2024-03-04 15:47:31,727 [Worker-24: Building] INFO  o.e.m.c.i.embedder.EclipseLogger - skip non existing resourceDirectory /home/tulasi/eclipse-workspace/BreackLock/BreachLock/src/main/resources
2024-03-04 15:47:31,729 [Worker-24: Building] INFO  o.e.m.c.i.embedder.EclipseLogger - Using 'UTF-8' encoding to copy filtered resources.
2024-03-04 15:47:31,729 [Worker-24: Building] INFO  o.e.m.c.i.embedder.EclipseLogger - skip non existing resourceDirectory /home/tulasi/eclipse-workspace/BreackLock/BreachLock/src/test/resources
2024-03-04 15:48:19,768 [Worker-6: Building] INFO  o.e.m.c.i.embedder.EclipseLogger - Using 'UTF-8' encoding to copy filtered resources.
2024-03-04 15:48:19,768 [Worker-6: Building] INFO  o.e.m.c.i.embedder.EclipseLogger - skip non existing resourceDirectory /home/tulasi/eclipse-workspace/BreackLock/BreachLock/src/main/resources
2024-03-04 15:48:19,770 [Worker-6: Building] INFO  o.e.m.c.i.embedder.EclipseLogger - Using 'UTF-8' encoding to copy filtered resources.
2024-03-04 15:48:19,771 [Worker-6: Building] INFO  o.e.m.c.i.embedder.EclipseLogger - skip non existing resourceDirectory /home/tulasi/eclipse-workspace/BreackLock/BreachLock/src/test/resources
2024-03-04 15:55:32,136 [Worker-6: Building] INFO  o.e.m.c.i.embedder.EclipseLogger - Using 'UTF-8' encoding to copy filtered resources.
2024-03-04 15:55:32,136 [Worker-6: Building] INFO  o.e.m.c.i.embedder.EclipseLogger - skip non existing resourceDirectory /home/tulasi/eclipse-workspace/BreackLock/BreachLock/src/main/resources
2024-03-04 15:55:32,139 [Worker-6: Building] INFO  o.e.m.c.i.embedder.EclipseLogger - Using 'UTF-8' encoding to copy filtered resources.
2024-03-04 15:55:32,139 [Worker-6: Building] INFO  o.e.m.c.i.embedder.EclipseLogger - skip non existing resourceDirectory /home/tulasi/eclipse-workspace/BreackLock/BreachLock/src/test/resources
2024-03-04 15:58:08,668 [Worker-27: Building] INFO  o.e.m.c.i.embedder.EclipseLogger - Using 'UTF-8' encoding to copy filtered resources.
2024-03-04 15:58:08,668 [Worker-27: Building] INFO  o.e.m.c.i.embedder.EclipseLogger - skip non existing resourceDirectory /home/tulasi/eclipse-workspace/BreackLock/BreachLock/src/main/resources
2024-03-04 15:58:08,671 [Worker-27: Building] INFO  o.e.m.c.i.embedder.EclipseLogger - Using 'UTF-8' encoding to copy filtered resources.
2024-03-04 15:58:08,671 [Worker-27: Building] INFO  o.e.m.c.i.embedder.EclipseLogger - skip non existing resourceDirectory /home/tulasi/eclipse-workspace/BreackLock/BreachLock/src/test/resources
2024-03-04 16:04:37,100 [Worker-24: Building] INFO  o.e.m.c.i.embedder.EclipseLogger - Using 'UTF-8' encoding to copy filtered resources.
2024-03-04 16:04:37,101 [Worker-24: Building] INFO  o.e.m.c.i.embedder.EclipseLogger - skip non existing resourceDirectory /home/tulasi/eclipse-workspace/BreackLock/BreachLock/src/main/resources
2024-03-04 16:04:37,104 [Worker-24: Building] INFO  o.e.m.c.i.embedder.EclipseLogger - Using 'UTF-8' encoding to copy filtered resources.
2024-03-04 16:04:37,104 [Worker-24: Building] INFO  o.e.m.c.i.embedder.EclipseLogger - skip non existing resourceDirectory /home/tulasi/eclipse-workspace/BreackLock/BreachLock/src/test/resources
2024-03-04 16:04:41,217 [Worker-9: Building] INFO  o.e.m.c.i.embedder.EclipseLogger - Using 'UTF-8' encoding to copy filtered resources.
2024-03-04 16:04:41,218 [Worker-9: Building] INFO  o.e.m.c.i.embedder.EclipseLogger - skip non existing resourceDirectory /home/tulasi/eclipse-workspace/BreackLock/BreachLock/src/main/resources
2024-03-04 16:04:41,223 [Worker-9: Building] INFO  o.e.m.c.i.embedder.EclipseLogger - Using 'UTF-8' encoding to copy filtered resources.
2024-03-04 16:04:41,223 [Worker-9: Building] INFO  o.e.m.c.i.embedder.EclipseLogger - skip non existing resourceDirectory /home/tulasi/eclipse-workspace/BreackLock/BreachLock/src/test/resources
2024-03-04 16:05:32,987 [Worker-6: Building] INFO  o.e.m.c.i.embedder.EclipseLogger - Using 'UTF-8' encoding to copy filtered resources.
2024-03-04 16:05:32,987 [Worker-6: Building] INFO  o.e.m.c.i.embedder.EclipseLogger - skip non existing resourceDirectory /home/tulasi/eclipse-workspace/BreackLock/BreachLock/src/main/resources
2024-03-04 16:05:32,991 [Worker-6: Building] INFO  o.e.m.c.i.embedder.EclipseLogger - Using 'UTF-8' encoding to copy filtered resources.
2024-03-04 16:05:32,992 [Worker-6: Building] INFO  o.e.m.c.i.embedder.EclipseLogger - skip non existing resourceDirectory /home/tulasi/eclipse-workspace/BreackLock/BreachLock/src/test/resources
2024-03-04 16:06:04,362 [Worker-6: Building] INFO  o.e.m.c.i.embedder.EclipseLogger - Using 'UTF-8' encoding to copy filtered resources.
2024-03-04 16:06:04,362 [Worker-6: Building] INFO  o.e.m.c.i.embedder.EclipseLogger - skip non existing resourceDirectory /home/tulasi/eclipse-workspace/BreackLock/BreachLock/src/main/resources
2024-03-04 16:06:04,366 [Worker-6: Building] INFO  o.e.m.c.i.embedder.EclipseLogger - Using 'UTF-8' encoding to copy filtered resources.
2024-03-04 16:06:04,366 [Worker-6: Building] INFO  o.e.m.c.i.embedder.EclipseLogger - skip non existing resourceDirectory /home/tulasi/eclipse-workspace/BreackLock/BreachLock/src/test/resources
2024-03-04 16:08:51,427 [Worker-29: Building] INFO  o.e.m.c.i.embedder.EclipseLogger - Using 'UTF-8' encoding to copy filtered resources.
2024-03-04 16:08:51,427 [Worker-29: Building] INFO  o.e.m.c.i.embedder.EclipseLogger - skip non existing resourceDirectory /home/tulasi/eclipse-workspace/BreackLock/BreachLock/src/main/resources
2024-03-04 16:08:51,430 [Worker-29: Building] INFO  o.e.m.c.i.embedder.EclipseLogger - Using 'UTF-8' encoding to copy filtered resources.
2024-03-04 16:08:51,430 [Worker-29: Building] INFO  o.e.m.c.i.embedder.EclipseLogger - skip non existing resourceDirectory /home/tulasi/eclipse-workspace/BreackLock/BreachLock/src/test/resources
2024-03-04 16:13:33,003 [Worker-29: Building] INFO  o.e.m.c.i.embedder.EclipseLogger - Using 'UTF-8' encoding to copy filtered resources.
2024-03-04 16:13:33,003 [Worker-29: Building] INFO  o.e.m.c.i.embedder.EclipseLogger - skip non existing resourceDirectory /home/tulasi/eclipse-workspace/BreackLock/BreachLock/src/main/resources
2024-03-04 16:13:33,005 [Worker-29: Building] INFO  o.e.m.c.i.embedder.EclipseLogger - Using 'UTF-8' encoding to copy filtered resources.
2024-03-04 16:13:33,005 [Worker-29: Building] INFO  o.e.m.c.i.embedder.EclipseLogger - skip non existing resourceDirectory /home/tulasi/eclipse-workspace/BreackLock/BreachLock/src/test/resources
2024-03-04 16:13:55,981 [Worker-24: Building] INFO  o.e.m.c.i.embedder.EclipseLogger - Using 'UTF-8' encoding to copy filtered resources.
2024-03-04 16:13:55,981 [Worker-24: Building] INFO  o.e.m.c.i.embedder.EclipseLogger - skip non existing resourceDirectory /home/tulasi/eclipse-workspace/BreackLock/BreachLock/src/main/resources
2024-03-04 16:13:55,983 [Worker-24: Building] INFO  o.e.m.c.i.embedder.EclipseLogger - Using 'UTF-8' encoding to copy filtered resources.
2024-03-04 16:13:55,983 [Worker-24: Building] INFO  o.e.m.c.i.embedder.EclipseLogger - skip non existing resourceDirectory /home/tulasi/eclipse-workspace/BreackLock/BreachLock/src/test/resources
2024-03-04 16:14:02,588 [Worker-9: Building] INFO  o.e.m.c.i.embedder.EclipseLogger - Using 'UTF-8' encoding to copy filtered resources.
2024-03-04 16:14:02,588 [Worker-9: Building] INFO  o.e.m.c.i.embedder.EclipseLogger - skip non existing resourceDirectory /home/tulasi/eclipse-workspace/BreackLock/BreachLock/src/main/resources
2024-03-04 16:14:02,589 [Worker-9: Building] INFO  o.e.m.c.i.embedder.EclipseLogger - Using 'UTF-8' encoding to copy filtered resources.
2024-03-04 16:14:02,590 [Worker-9: Building] INFO  o.e.m.c.i.embedder.EclipseLogger - skip non existing resourceDirectory /home/tulasi/eclipse-workspace/BreackLock/BreachLock/src/test/resources
2024-03-04 16:14:25,303 [Worker-24: Building] INFO  o.e.m.c.i.embedder.EclipseLogger - Using 'UTF-8' encoding to copy filtered resources.
2024-03-04 16:14:25,303 [Worker-24: Building] INFO  o.e.m.c.i.embedder.EclipseLogger - skip non existing resourceDirectory /home/tulasi/eclipse-workspace/BreackLock/BreachLock/src/main/resources
2024-03-04 16:14:25,304 [Worker-24: Building] INFO  o.e.m.c.i.embedder.EclipseLogger - Using 'UTF-8' encoding to copy filtered resources.
2024-03-04 16:14:25,305 [Worker-24: Building] INFO  o.e.m.c.i.embedder.EclipseLogger - skip non existing resourceDirectory /home/tulasi/eclipse-workspace/BreackLock/BreachLock/src/test/resources
2024-03-04 16:14:41,046 [Worker-29: Building] INFO  o.e.m.c.i.embedder.EclipseLogger - Using 'UTF-8' encoding to copy filtered resources.
2024-03-04 16:14:41,046 [Worker-29: Building] INFO  o.e.m.c.i.embedder.EclipseLogger - skip non existing resourceDirectory /home/tulasi/eclipse-workspace/BreackLock/BreachLock/src/main/resources
2024-03-04 16:14:41,054 [Worker-29: Building] INFO  o.e.m.c.i.embedder.EclipseLogger - Using 'UTF-8' encoding to copy filtered resources.
2024-03-04 16:14:41,054 [Worker-29: Building] INFO  o.e.m.c.i.embedder.EclipseLogger - skip non existing resourceDirectory /home/tulasi/eclipse-workspace/BreackLock/BreachLock/src/test/resources
2024-03-04 16:15:00,097 [Worker-29: Building] INFO  o.e.m.c.i.embedder.EclipseLogger - Using 'UTF-8' encoding to copy filtered resources.
2024-03-04 16:15:00,098 [Worker-29: Building] INFO  o.e.m.c.i.embedder.EclipseLogger - skip non existing resourceDirectory /home/tulasi/eclipse-workspace/BreackLock/BreachLock/src/main/resources
2024-03-04 16:15:00,100 [Worker-29: Building] INFO  o.e.m.c.i.embedder.EclipseLogger - Using 'UTF-8' encoding to copy filtered resources.
2024-03-04 16:15:00,100 [Worker-29: Building] INFO  o.e.m.c.i.embedder.EclipseLogger - skip non existing resourceDirectory /home/tulasi/eclipse-workspace/BreackLock/BreachLock/src/test/resources
2024-03-04 16:16:09,213 [Worker-24: Building] INFO  o.e.m.c.i.embedder.EclipseLogger - Using 'UTF-8' encoding to copy filtered resources.
2024-03-04 16:16:09,214 [Worker-24: Building] INFO  o.e.m.c.i.embedder.EclipseLogger - skip non existing resourceDirectory /home/tulasi/eclipse-workspace/BreackLock/BreachLock/src/main/resources
2024-03-04 16:16:09,219 [Worker-24: Building] INFO  o.e.m.c.i.embedder.EclipseLogger - Using 'UTF-8' encoding to copy filtered resources.
2024-03-04 16:16:09,220 [Worker-24: Building] INFO  o.e.m.c.i.embedder.EclipseLogger - skip non existing resourceDirectory /home/tulasi/eclipse-workspace/BreackLock/BreachLock/src/test/resources
2024-03-04 16:24:11,257 [Worker-6: Building] INFO  o.e.m.c.i.embedder.EclipseLogger - Using 'UTF-8' encoding to copy filtered resources.
2024-03-04 16:24:11,258 [Worker-6: Building] INFO  o.e.m.c.i.embedder.EclipseLogger - skip non existing resourceDirectory /home/tulasi/eclipse-workspace/BreackLock/BreachLock/src/main/resources
2024-03-04 16:24:11,263 [Worker-6: Building] INFO  o.e.m.c.i.embedder.EclipseLogger - Using 'UTF-8' encoding to copy filtered resources.
2024-03-04 16:24:11,263 [Worker-6: Building] INFO  o.e.m.c.i.embedder.EclipseLogger - skip non existing resourceDirectory /home/tulasi/eclipse-workspace/BreackLock/BreachLock/src/test/resources
2024-03-04 16:29:53,718 [Worker-6: Building] INFO  o.e.m.c.i.embedder.EclipseLogger - Using 'UTF-8' encoding to copy filtered resources.
2024-03-04 16:29:53,718 [Worker-6: Building] INFO  o.e.m.c.i.embedder.EclipseLogger - skip non existing resourceDirectory /home/tulasi/eclipse-workspace/BreackLock/BreachLock/src/main/resources
2024-03-04 16:29:53,721 [Worker-6: Building] INFO  o.e.m.c.i.embedder.EclipseLogger - Using 'UTF-8' encoding to copy filtered resources.
2024-03-04 16:29:53,721 [Worker-6: Building] INFO  o.e.m.c.i.embedder.EclipseLogger - skip non existing resourceDirectory /home/tulasi/eclipse-workspace/BreackLock/BreachLock/src/test/resources
2024-03-04 16:30:12,786 [Worker-34: Building] INFO  o.e.m.c.i.embedder.EclipseLogger - Using 'UTF-8' encoding to copy filtered resources.
2024-03-04 16:30:12,786 [Worker-34: Building] INFO  o.e.m.c.i.embedder.EclipseLogger - skip non existing resourceDirectory /home/tulasi/eclipse-workspace/BreackLock/BreachLock/src/main/resources
2024-03-04 16:30:12,787 [Worker-34: Building] INFO  o.e.m.c.i.embedder.EclipseLogger - Using 'UTF-8' encoding to copy filtered resources.
2024-03-04 16:30:12,788 [Worker-34: Building] INFO  o.e.m.c.i.embedder.EclipseLogger - skip non existing resourceDirectory /home/tulasi/eclipse-workspace/BreackLock/BreachLock/src/test/resources
2024-03-04 16:31:16,261 [Worker-35: Building] INFO  o.e.m.c.i.embedder.EclipseLogger - Using 'UTF-8' encoding to copy filtered resources.
2024-03-04 16:31:16,262 [Worker-35: Building] INFO  o.e.m.c.i.embedder.EclipseLogger - skip non existing resourceDirectory /home/tulasi/eclipse-workspace/BreackLock/BreachLock/src/main/resources
2024-03-04 16:31:16,268 [Worker-35: Building] INFO  o.e.m.c.i.embedder.EclipseLogger - Using 'UTF-8' encoding to copy filtered resources.
2024-03-04 16:31:16,268 [Worker-35: Building] INFO  o.e.m.c.i.embedder.EclipseLogger - skip non existing resourceDirectory /home/tulasi/eclipse-workspace/BreackLock/BreachLock/src/test/resources
2024-03-04 16:39:20,053 [Worker-33: Building] INFO  o.e.m.c.i.embedder.EclipseLogger - Using 'UTF-8' encoding to copy filtered resources.
2024-03-04 16:39:20,053 [Worker-33: Building] INFO  o.e.m.c.i.embedder.EclipseLogger - skip non existing resourceDirectory /home/tulasi/eclipse-workspace/BreackLock/BreachLock/src/main/resources
2024-03-04 16:39:20,057 [Worker-33: Building] INFO  o.e.m.c.i.embedder.EclipseLogger - Using 'UTF-8' encoding to copy filtered resources.
2024-03-04 16:39:20,057 [Worker-33: Building] INFO  o.e.m.c.i.embedder.EclipseLogger - skip non existing resourceDirectory /home/tulasi/eclipse-workspace/BreackLock/BreachLock/src/test/resources
2024-03-04 16:40:17,731 [Worker-33: Building] INFO  o.e.m.c.i.embedder.EclipseLogger - Using 'UTF-8' encoding to copy filtered resources.
2024-03-04 16:40:17,731 [Worker-33: Building] INFO  o.e.m.c.i.embedder.EclipseLogger - skip non existing resourceDirectory /home/tulasi/eclipse-workspace/BreackLock/BreachLock/src/main/resources
2024-03-04 16:40:17,732 [Worker-33: Building] INFO  o.e.m.c.i.embedder.EclipseLogger - Using 'UTF-8' encoding to copy filtered resources.
2024-03-04 16:40:17,732 [Worker-33: Building] INFO  o.e.m.c.i.embedder.EclipseLogger - skip non existing resourceDirectory /home/tulasi/eclipse-workspace/BreackLock/BreachLock/src/test/resources
2024-03-04 16:40:58,859 [Worker-33: Building] INFO  o.e.m.c.i.embedder.EclipseLogger - Using 'UTF-8' encoding to copy filtered resources.
2024-03-04 16:40:58,859 [Worker-33: Building] INFO  o.e.m.c.i.embedder.EclipseLogger - skip non existing resourceDirectory /home/tulasi/eclipse-workspace/BreackLock/BreachLock/src/main/resources
2024-03-04 16:40:58,862 [Worker-33: Building] INFO  o.e.m.c.i.embedder.EclipseLogger - Using 'UTF-8' encoding to copy filtered resources.
2024-03-04 16:40:58,862 [Worker-33: Building] INFO  o.e.m.c.i.embedder.EclipseLogger - skip non existing resourceDirectory /home/tulasi/eclipse-workspace/BreackLock/BreachLock/src/test/resources
2024-03-04 16:41:57,682 [Worker-33: Building] INFO  o.e.m.c.i.embedder.EclipseLogger - Using 'UTF-8' encoding to copy filtered resources.
2024-03-04 16:41:57,682 [Worker-33: Building] INFO  o.e.m.c.i.embedder.EclipseLogger - skip non existing resourceDirectory /home/tulasi/eclipse-workspace/BreackLock/BreachLock/src/main/resources
2024-03-04 16:41:57,685 [Worker-33: Building] INFO  o.e.m.c.i.embedder.EclipseLogger - Using 'UTF-8' encoding to copy filtered resources.
2024-03-04 16:41:57,685 [Worker-33: Building] INFO  o.e.m.c.i.embedder.EclipseLogger - skip non existing resourceDirectory /home/tulasi/eclipse-workspace/BreackLock/BreachLock/src/test/resources
2024-03-04 16:52:59,643 [Worker-36: Building] INFO  o.e.m.c.i.embedder.EclipseLogger - Using 'UTF-8' encoding to copy filtered resources.
2024-03-04 16:52:59,643 [Worker-36: Building] INFO  o.e.m.c.i.embedder.EclipseLogger - skip non existing resourceDirectory /home/tulasi/eclipse-workspace/BreackLock/BreachLock/src/main/resources
2024-03-04 16:52:59,648 [Worker-36: Building] INFO  o.e.m.c.i.embedder.EclipseLogger - Using 'UTF-8' encoding to copy filtered resources.
2024-03-04 16:52:59,648 [Worker-36: Building] INFO  o.e.m.c.i.embedder.EclipseLogger - skip non existing resourceDirectory /home/tulasi/eclipse-workspace/BreackLock/BreachLock/src/test/resources
2024-03-04 16:53:16,575 [Worker-6: Building] INFO  o.e.m.c.i.embedder.EclipseLogger - Using 'UTF-8' encoding to copy filtered resources.
2024-03-04 16:53:16,575 [Worker-6: Building] INFO  o.e.m.c.i.embedder.EclipseLogger - skip non existing resourceDirectory /home/tulasi/eclipse-workspace/BreackLock/BreachLock/src/main/resources
2024-03-04 16:53:16,578 [Worker-6: Building] INFO  o.e.m.c.i.embedder.EclipseLogger - Using 'UTF-8' encoding to copy filtered resources.
2024-03-04 16:53:16,578 [Worker-6: Building] INFO  o.e.m.c.i.embedder.EclipseLogger - skip non existing resourceDirectory /home/tulasi/eclipse-workspace/BreackLock/BreachLock/src/test/resources
2024-03-04 16:54:49,190 [Worker-38: Building] INFO  o.e.m.c.i.embedder.EclipseLogger - Using 'UTF-8' encoding to copy filtered resources.
2024-03-04 16:54:49,190 [Worker-38: Building] INFO  o.e.m.c.i.embedder.EclipseLogger - skip non existing resourceDirectory /home/tulasi/eclipse-workspace/BreackLock/BreachLock/src/main/resources
2024-03-04 16:54:49,195 [Worker-38: Building] INFO  o.e.m.c.i.embedder.EclipseLogger - Using 'UTF-8' encoding to copy filtered resources.
2024-03-04 16:54:49,195 [Worker-38: Building] INFO  o.e.m.c.i.embedder.EclipseLogger - skip non existing resourceDirectory /home/tulasi/eclipse-workspace/BreackLock/BreachLock/src/test/resources
2024-03-04 16:55:02,351 [Worker-39: Building] INFO  o.e.m.c.i.embedder.EclipseLogger - Using 'UTF-8' encoding to copy filtered resources.
2024-03-04 16:55:02,351 [Worker-39: Building] INFO  o.e.m.c.i.embedder.EclipseLogger - skip non existing resourceDirectory /home/tulasi/eclipse-workspace/BreackLock/BreachLock/src/main/resources
2024-03-04 16:55:02,353 [Worker-39: Building] INFO  o.e.m.c.i.embedder.EclipseLogger - Using 'UTF-8' encoding to copy filtered resources.
2024-03-04 16:55:02,353 [Worker-39: Building] INFO  o.e.m.c.i.embedder.EclipseLogger - skip non existing resourceDirectory /home/tulasi/eclipse-workspace/BreackLock/BreachLock/src/test/resources
2024-03-04 16:55:45,820 [Worker-36: Building] INFO  o.e.m.c.i.embedder.EclipseLogger - Using 'UTF-8' encoding to copy filtered resources.
2024-03-04 16:55:45,820 [Worker-36: Building] INFO  o.e.m.c.i.embedder.EclipseLogger - skip non existing resourceDirectory /home/tulasi/eclipse-workspace/BreackLock/BreachLock/src/main/resources
2024-03-04 16:55:45,822 [Worker-36: Building] INFO  o.e.m.c.i.embedder.EclipseLogger - Using 'UTF-8' encoding to copy filtered resources.
2024-03-04 16:55:45,823 [Worker-36: Building] INFO  o.e.m.c.i.embedder.EclipseLogger - skip non existing resourceDirectory /home/tulasi/eclipse-workspace/BreackLock/BreachLock/src/test/resources
2024-03-04 16:56:00,321 [Worker-6: Building] INFO  o.e.m.c.i.embedder.EclipseLogger - Using 'UTF-8' encoding to copy filtered resources.
2024-03-04 16:56:00,321 [Worker-6: Building] INFO  o.e.m.c.i.embedder.EclipseLogger - skip non existing resourceDirectory /home/tulasi/eclipse-workspace/BreackLock/BreachLock/src/main/resources
2024-03-04 16:56:00,324 [Worker-6: Building] INFO  o.e.m.c.i.embedder.EclipseLogger - Using 'UTF-8' encoding to copy filtered resources.
2024-03-04 16:56:00,324 [Worker-6: Building] INFO  o.e.m.c.i.embedder.EclipseLogger - skip non existing resourceDirectory /home/tulasi/eclipse-workspace/BreackLock/BreachLock/src/test/resources
2024-03-04 16:56:20,603 [Worker-36: Building] INFO  o.e.m.c.i.embedder.EclipseLogger - Using 'UTF-8' encoding to copy filtered resources.
2024-03-04 16:56:20,603 [Worker-36: Building] INFO  o.e.m.c.i.embedder.EclipseLogger - skip non existing resourceDirectory /home/tulasi/eclipse-workspace/BreackLock/BreachLock/src/main/resources
2024-03-04 16:56:20,605 [Worker-36: Building] INFO  o.e.m.c.i.embedder.EclipseLogger - Using 'UTF-8' encoding to copy filtered resources.
2024-03-04 16:56:20,605 [Worker-36: Building] INFO  o.e.m.c.i.embedder.EclipseLogger - skip non existing resourceDirectory /home/tulasi/eclipse-workspace/BreackLock/BreachLock/src/test/resources
2024-03-04 16:56:45,605 [Worker-36: Building] INFO  o.e.m.c.i.embedder.EclipseLogger - Using 'UTF-8' encoding to copy filtered resources.
2024-03-04 16:56:45,605 [Worker-36: Building] INFO  o.e.m.c.i.embedder.EclipseLogger - skip non existing resourceDirectory /home/tulasi/eclipse-workspace/BreackLock/BreachLock/src/main/resources
2024-03-04 16:56:45,609 [Worker-36: Building] INFO  o.e.m.c.i.embedder.EclipseLogger - Using 'UTF-8' encoding to copy filtered resources.
2024-03-04 16:56:45,609 [Worker-36: Building] INFO  o.e.m.c.i.embedder.EclipseLogger - skip non existing resourceDirectory /home/tulasi/eclipse-workspace/BreackLock/BreachLock/src/test/resources
2024-03-04 16:57:18,469 [Worker-38: Building] INFO  o.e.m.c.i.embedder.EclipseLogger - Using 'UTF-8' encoding to copy filtered resources.
2024-03-04 16:57:18,469 [Worker-38: Building] INFO  o.e.m.c.i.embedder.EclipseLogger - skip non existing resourceDirectory /home/tulasi/eclipse-workspace/BreackLock/BreachLock/src/main/resources
2024-03-04 16:57:18,470 [Worker-38: Building] INFO  o.e.m.c.i.embedder.EclipseLogger - Using 'UTF-8' encoding to copy filtered resources.
2024-03-04 16:57:18,470 [Worker-38: Building] INFO  o.e.m.c.i.embedder.EclipseLogger - skip non existing resourceDirectory /home/tulasi/eclipse-workspace/BreackLock/BreachLock/src/test/resources
2024-03-04 16:57:42,160 [Worker-36: Building] INFO  o.e.m.c.i.embedder.EclipseLogger - Using 'UTF-8' encoding to copy filtered resources.
2024-03-04 16:57:42,160 [Worker-36: Building] INFO  o.e.m.c.i.embedder.EclipseLogger - skip non existing resourceDirectory /home/tulasi/eclipse-workspace/BreackLock/BreachLock/src/main/resources
2024-03-04 16:57:42,163 [Worker-36: Building] INFO  o.e.m.c.i.embedder.EclipseLogger - Using 'UTF-8' encoding to copy filtered resources.
2024-03-04 16:57:42,163 [Worker-36: Building] INFO  o.e.m.c.i.embedder.EclipseLogger - skip non existing resourceDirectory /home/tulasi/eclipse-workspace/BreackLock/BreachLock/src/test/resources
2024-03-04 16:58:05,739 [Worker-36: Building] INFO  o.e.m.c.i.embedder.EclipseLogger - Using 'UTF-8' encoding to copy filtered resources.
2024-03-04 16:58:05,739 [Worker-36: Building] INFO  o.e.m.c.i.embedder.EclipseLogger - skip non existing resourceDirectory /home/tulasi/eclipse-workspace/BreackLock/BreachLock/src/main/resources
2024-03-04 16:58:05,740 [Worker-36: Building] INFO  o.e.m.c.i.embedder.EclipseLogger - Using 'UTF-8' encoding to copy filtered resources.
2024-03-04 16:58:05,741 [Worker-36: Building] INFO  o.e.m.c.i.embedder.EclipseLogger - skip non existing resourceDirectory /home/tulasi/eclipse-workspace/BreackLock/BreachLock/src/test/resources
2024-03-04 16:58:20,914 [Worker-40: Building] INFO  o.e.m.c.i.embedder.EclipseLogger - Using 'UTF-8' encoding to copy filtered resources.
2024-03-04 16:58:20,915 [Worker-40: Building] INFO  o.e.m.c.i.embedder.EclipseLogger - skip non existing resourceDirectory /home/tulasi/eclipse-workspace/BreackLock/BreachLock/src/main/resources
2024-03-04 16:58:20,919 [Worker-40: Building] INFO  o.e.m.c.i.embedder.EclipseLogger - Using 'UTF-8' encoding to copy filtered resources.
2024-03-04 16:58:20,920 [Worker-40: Building] INFO  o.e.m.c.i.embedder.EclipseLogger - skip non existing resourceDirectory /home/tulasi/eclipse-workspace/BreackLock/BreachLock/src/test/resources
2024-03-04 17:02:28,861 [Worker-6: Building] INFO  o.e.m.c.i.embedder.EclipseLogger - Using 'UTF-8' encoding to copy filtered resources.
2024-03-04 17:02:28,862 [Worker-6: Building] INFO  o.e.m.c.i.embedder.EclipseLogger - skip non existing resourceDirectory /home/tulasi/eclipse-workspace/BreackLock/BreachLock/src/main/resources
2024-03-04 17:02:28,865 [Worker-6: Building] INFO  o.e.m.c.i.embedder.EclipseLogger - Using 'UTF-8' encoding to copy filtered resources.
2024-03-04 17:02:28,865 [Worker-6: Building] INFO  o.e.m.c.i.embedder.EclipseLogger - skip non existing resourceDirectory /home/tulasi/eclipse-workspace/BreackLock/BreachLock/src/test/resources
2024-03-04 17:09:40,733 [Worker-6: Building] INFO  o.e.m.c.i.embedder.EclipseLogger - Using 'UTF-8' encoding to copy filtered resources.
2024-03-04 17:09:40,733 [Worker-6: Building] INFO  o.e.m.c.i.embedder.EclipseLogger - skip non existing resourceDirectory /home/tulasi/eclipse-workspace/BreackLock/BreachLock/src/main/resources
2024-03-04 17:09:40,735 [Worker-6: Building] INFO  o.e.m.c.i.embedder.EclipseLogger - Using 'UTF-8' encoding to copy filtered resources.
2024-03-04 17:09:40,735 [Worker-6: Building] INFO  o.e.m.c.i.embedder.EclipseLogger - skip non existing resourceDirectory /home/tulasi/eclipse-workspace/BreackLock/BreachLock/src/test/resources
2024-03-04 17:09:45,898 [Worker-42: Building] INFO  o.e.m.c.i.embedder.EclipseLogger - Using 'UTF-8' encoding to copy filtered resources.
2024-03-04 17:09:45,899 [Worker-42: Building] INFO  o.e.m.c.i.embedder.EclipseLogger - skip non existing resourceDirectory /home/tulasi/eclipse-workspace/BreackLock/BreachLock/src/main/resources
2024-03-04 17:09:45,903 [Worker-42: Building] INFO  o.e.m.c.i.embedder.EclipseLogger - Using 'UTF-8' encoding to copy filtered resources.
2024-03-04 17:09:45,903 [Worker-42: Building] INFO  o.e.m.c.i.embedder.EclipseLogger - skip non existing resourceDirectory /home/tulasi/eclipse-workspace/BreackLock/BreachLock/src/test/resources
2024-03-04 17:09:49,181 [Worker-6: Building] INFO  o.e.m.c.i.embedder.EclipseLogger - Using 'UTF-8' encoding to copy filtered resources.
2024-03-04 17:09:49,181 [Worker-6: Building] INFO  o.e.m.c.i.embedder.EclipseLogger - skip non existing resourceDirectory /home/tulasi/eclipse-workspace/BreackLock/BreachLock/src/main/resources
2024-03-04 17:09:49,183 [Worker-6: Building] INFO  o.e.m.c.i.embedder.EclipseLogger - Using 'UTF-8' encoding to copy filtered resources.
2024-03-04 17:09:49,183 [Worker-6: Building] INFO  o.e.m.c.i.embedder.EclipseLogger - skip non existing resourceDirectory /home/tulasi/eclipse-workspace/BreackLock/BreachLock/src/test/resources
2024-03-04 17:10:24,376 [Worker-40: Building] INFO  o.e.m.c.i.embedder.EclipseLogger - Using 'UTF-8' encoding to copy filtered resources.
2024-03-04 17:10:24,376 [Worker-40: Building] INFO  o.e.m.c.i.embedder.EclipseLogger - skip non existing resourceDirectory /home/tulasi/eclipse-workspace/BreackLock/BreachLock/src/main/resources
2024-03-04 17:10:24,377 [Worker-40: Building] INFO  o.e.m.c.i.embedder.EclipseLogger - Using 'UTF-8' encoding to copy filtered resources.
2024-03-04 17:10:24,377 [Worker-40: Building] INFO  o.e.m.c.i.embedder.EclipseLogger - skip non existing resourceDirectory /home/tulasi/eclipse-workspace/BreackLock/BreachLock/src/test/resources
2024-03-04 17:10:41,472 [Worker-40: Building] INFO  o.e.m.c.i.embedder.EclipseLogger - Using 'UTF-8' encoding to copy filtered resources.
2024-03-04 17:10:41,472 [Worker-40: Building] INFO  o.e.m.c.i.embedder.EclipseLogger - skip non existing resourceDirectory /home/tulasi/eclipse-workspace/BreackLock/BreachLock/src/main/resources
2024-03-04 17:10:41,474 [Worker-40: Building] INFO  o.e.m.c.i.embedder.EclipseLogger - Using 'UTF-8' encoding to copy filtered resources.
2024-03-04 17:10:41,475 [Worker-40: Building] INFO  o.e.m.c.i.embedder.EclipseLogger - skip non existing resourceDirectory /home/tulasi/eclipse-workspace/BreackLock/BreachLock/src/test/resources
2024-03-04 17:14:57,013 [Worker-40: Building] INFO  o.e.m.c.i.embedder.EclipseLogger - Using 'UTF-8' encoding to copy filtered resources.
2024-03-04 17:14:57,013 [Worker-40: Building] INFO  o.e.m.c.i.embedder.EclipseLogger - skip non existing resourceDirectory /home/tulasi/eclipse-workspace/BreackLock/BreachLock/src/main/resources
2024-03-04 17:14:57,014 [Worker-40: Building] INFO  o.e.m.c.i.embedder.EclipseLogger - Using 'UTF-8' encoding to copy filtered resources.
2024-03-04 17:14:57,014 [Worker-40: Building] INFO  o.e.m.c.i.embedder.EclipseLogger - skip non existing resourceDirectory /home/tulasi/eclipse-workspace/BreackLock/BreachLock/src/test/resources
2024-03-04 17:15:11,567 [Worker-40: Building] INFO  o.e.m.c.i.embedder.EclipseLogger - Using 'UTF-8' encoding to copy filtered resources.
2024-03-04 17:15:11,567 [Worker-40: Building] INFO  o.e.m.c.i.embedder.EclipseLogger - skip non existing resourceDirectory /home/tulasi/eclipse-workspace/BreackLock/BreachLock/src/main/resources
2024-03-04 17:15:11,569 [Worker-40: Building] INFO  o.e.m.c.i.embedder.EclipseLogger - Using 'UTF-8' encoding to copy filtered resources.
2024-03-04 17:15:11,569 [Worker-40: Building] INFO  o.e.m.c.i.embedder.EclipseLogger - skip non existing resourceDirectory /home/tulasi/eclipse-workspace/BreackLock/BreachLock/src/test/resources
2024-03-04 17:15:24,389 [Worker-44: Building] INFO  o.e.m.c.i.embedder.EclipseLogger - Using 'UTF-8' encoding to copy filtered resources.
2024-03-04 17:15:24,390 [Worker-44: Building] INFO  o.e.m.c.i.embedder.EclipseLogger - skip non existing resourceDirectory /home/tulasi/eclipse-workspace/BreackLock/BreachLock/src/main/resources
2024-03-04 17:15:24,392 [Worker-44: Building] INFO  o.e.m.c.i.embedder.EclipseLogger - Using 'UTF-8' encoding to copy filtered resources.
2024-03-04 17:15:24,392 [Worker-44: Building] INFO  o.e.m.c.i.embedder.EclipseLogger - skip non existing resourceDirectory /home/tulasi/eclipse-workspace/BreackLock/BreachLock/src/test/resources
2024-03-04 17:15:35,617 [Worker-44: Building] INFO  o.e.m.c.i.embedder.EclipseLogger - Using 'UTF-8' encoding to copy filtered resources.
2024-03-04 17:15:35,618 [Worker-44: Building] INFO  o.e.m.c.i.embedder.EclipseLogger - skip non existing resourceDirectory /home/tulasi/eclipse-workspace/BreackLock/BreachLock/src/main/resources
2024-03-04 17:15:35,621 [Worker-44: Building] INFO  o.e.m.c.i.embedder.EclipseLogger - Using 'UTF-8' encoding to copy filtered resources.
2024-03-04 17:15:35,622 [Worker-44: Building] INFO  o.e.m.c.i.embedder.EclipseLogger - skip non existing resourceDirectory /home/tulasi/eclipse-workspace/BreackLock/BreachLock/src/test/resources
2024-03-04 17:15:55,100 [Worker-44: Building] INFO  o.e.m.c.i.embedder.EclipseLogger - Using 'UTF-8' encoding to copy filtered resources.
2024-03-04 17:15:55,100 [Worker-44: Building] INFO  o.e.m.c.i.embedder.EclipseLogger - skip non existing resourceDirectory /home/tulasi/eclipse-workspace/BreackLock/BreachLock/src/main/resources
2024-03-04 17:15:55,101 [Worker-44: Building] INFO  o.e.m.c.i.embedder.EclipseLogger - Using 'UTF-8' encoding to copy filtered resources.
2024-03-04 17:15:55,101 [Worker-44: Building] INFO  o.e.m.c.i.embedder.EclipseLogger - skip non existing resourceDirectory /home/tulasi/eclipse-workspace/BreackLock/BreachLock/src/test/resources
2024-03-04 17:16:07,900 [Worker-40: Building] INFO  o.e.m.c.i.embedder.EclipseLogger - Using 'UTF-8' encoding to copy filtered resources.
2024-03-04 17:16:07,900 [Worker-40: Building] INFO  o.e.m.c.i.embedder.EclipseLogger - skip non existing resourceDirectory /home/tulasi/eclipse-workspace/BreackLock/BreachLock/src/main/resources
2024-03-04 17:16:07,905 [Worker-40: Building] INFO  o.e.m.c.i.embedder.EclipseLogger - Using 'UTF-8' encoding to copy filtered resources.
2024-03-04 17:16:07,905 [Worker-40: Building] INFO  o.e.m.c.i.embedder.EclipseLogger - skip non existing resourceDirectory /home/tulasi/eclipse-workspace/BreackLock/BreachLock/src/test/resources
2024-03-04 17:16:16,147 [Worker-45: Building] INFO  o.e.m.c.i.embedder.EclipseLogger - Using 'UTF-8' encoding to copy filtered resources.
2024-03-04 17:16:16,147 [Worker-45: Building] INFO  o.e.m.c.i.embedder.EclipseLogger - skip non existing resourceDirectory /home/tulasi/eclipse-workspace/BreackLock/BreachLock/src/main/resources
2024-03-04 17:16:16,148 [Worker-45: Building] INFO  o.e.m.c.i.embedder.EclipseLogger - Using 'UTF-8' encoding to copy filtered resources.
2024-03-04 17:16:16,149 [Worker-45: Building] INFO  o.e.m.c.i.embedder.EclipseLogger - skip non existing resourceDirectory /home/tulasi/eclipse-workspace/BreackLock/BreachLock/src/test/resources
2024-03-04 17:16:40,841 [Worker-45: Building] INFO  o.e.m.c.i.embedder.EclipseLogger - Using 'UTF-8' encoding to copy filtered resources.
2024-03-04 17:16:40,841 [Worker-45: Building] INFO  o.e.m.c.i.embedder.EclipseLogger - skip non existing resourceDirectory /home/tulasi/eclipse-workspace/BreackLock/BreachLock/src/main/resources
2024-03-04 17:16:40,843 [Worker-45: Building] INFO  o.e.m.c.i.embedder.EclipseLogger - Using 'UTF-8' encoding to copy filtered resources.
2024-03-04 17:16:40,843 [Worker-45: Building] INFO  o.e.m.c.i.embedder.EclipseLogger - skip non existing resourceDirectory /home/tulasi/eclipse-workspace/BreackLock/BreachLock/src/test/resources
2024-03-04 17:17:45,638 [Worker-46: Building] INFO  o.e.m.c.i.embedder.EclipseLogger - Using 'UTF-8' encoding to copy filtered resources.
2024-03-04 17:17:45,638 [Worker-46: Building] INFO  o.e.m.c.i.embedder.EclipseLogger - skip non existing resourceDirectory /home/tulasi/eclipse-workspace/BreackLock/BreachLock/src/main/resources
2024-03-04 17:17:45,640 [Worker-46: Building] INFO  o.e.m.c.i.embedder.EclipseLogger - Using 'UTF-8' encoding to copy filtered resources.
2024-03-04 17:17:45,640 [Worker-46: Building] INFO  o.e.m.c.i.embedder.EclipseLogger - skip non existing resourceDirectory /home/tulasi/eclipse-workspace/BreackLock/BreachLock/src/test/resources
2024-03-04 17:18:07,120 [Worker-40: Building] INFO  o.e.m.c.i.embedder.EclipseLogger - Using 'UTF-8' encoding to copy filtered resources.
2024-03-04 17:18:07,120 [Worker-40: Building] INFO  o.e.m.c.i.embedder.EclipseLogger - skip non existing resourceDirectory /home/tulasi/eclipse-workspace/BreackLock/BreachLock/src/main/resources
2024-03-04 17:18:07,121 [Worker-40: Building] INFO  o.e.m.c.i.embedder.EclipseLogger - Using 'UTF-8' encoding to copy filtered resources.
2024-03-04 17:18:07,121 [Worker-40: Building] INFO  o.e.m.c.i.embedder.EclipseLogger - skip non existing resourceDirectory /home/tulasi/eclipse-workspace/BreackLock/BreachLock/src/test/resources
2024-03-04 17:18:30,181 [Worker-45: Building] INFO  o.e.m.c.i.embedder.EclipseLogger - Using 'UTF-8' encoding to copy filtered resources.
2024-03-04 17:18:30,181 [Worker-45: Building] INFO  o.e.m.c.i.embedder.EclipseLogger - skip non existing resourceDirectory /home/tulasi/eclipse-workspace/BreackLock/BreachLock/src/main/resources
2024-03-04 17:18:30,183 [Worker-45: Building] INFO  o.e.m.c.i.embedder.EclipseLogger - Using 'UTF-8' encoding to copy filtered resources.
2024-03-04 17:18:30,183 [Worker-45: Building] INFO  o.e.m.c.i.embedder.EclipseLogger - skip non existing resourceDirectory /home/tulasi/eclipse-workspace/BreackLock/BreachLock/src/test/resources
2024-03-04 17:18:46,235 [Worker-40: Building] INFO  o.e.m.c.i.embedder.EclipseLogger - Using 'UTF-8' encoding to copy filtered resources.
2024-03-04 17:18:46,235 [Worker-40: Building] INFO  o.e.m.c.i.embedder.EclipseLogger - skip non existing resourceDirectory /home/tulasi/eclipse-workspace/BreackLock/BreachLock/src/main/resources
2024-03-04 17:18:46,239 [Worker-40: Building] INFO  o.e.m.c.i.embedder.EclipseLogger - Using 'UTF-8' encoding to copy filtered resources.
2024-03-04 17:18:46,239 [Worker-40: Building] INFO  o.e.m.c.i.embedder.EclipseLogger - skip non existing resourceDirectory /home/tulasi/eclipse-workspace/BreackLock/BreachLock/src/test/resources
2024-03-04 17:19:02,734 [Worker-36: Building] INFO  o.e.m.c.i.embedder.EclipseLogger - Using 'UTF-8' encoding to copy filtered resources.
2024-03-04 17:19:02,734 [Worker-36: Building] INFO  o.e.m.c.i.embedder.EclipseLogger - skip non existing resourceDirectory /home/tulasi/eclipse-workspace/BreackLock/BreachLock/src/main/resources
2024-03-04 17:19:02,736 [Worker-36: Building] INFO  o.e.m.c.i.embedder.EclipseLogger - Using 'UTF-8' encoding to copy filtered resources.
2024-03-04 17:19:02,736 [Worker-36: Building] INFO  o.e.m.c.i.embedder.EclipseLogger - skip non existing resourceDirectory /home/tulasi/eclipse-workspace/BreackLock/BreachLock/src/test/resources
2024-03-04 17:19:16,480 [Worker-46: Building] INFO  o.e.m.c.i.embedder.EclipseLogger - Using 'UTF-8' encoding to copy filtered resources.
2024-03-04 17:19:16,480 [Worker-46: Building] INFO  o.e.m.c.i.embedder.EclipseLogger - skip non existing resourceDirectory /home/tulasi/eclipse-workspace/BreackLock/BreachLock/src/main/resources
2024-03-04 17:19:16,481 [Worker-46: Building] INFO  o.e.m.c.i.embedder.EclipseLogger - Using 'UTF-8' encoding to copy filtered resources.
2024-03-04 17:19:16,482 [Worker-46: Building] INFO  o.e.m.c.i.embedder.EclipseLogger - skip non existing resourceDirectory /home/tulasi/eclipse-workspace/BreackLock/BreachLock/src/test/resources
2024-03-04 17:19:22,210 [Worker-36: Building] INFO  o.e.m.c.i.embedder.EclipseLogger - Using 'UTF-8' encoding to copy filtered resources.
2024-03-04 17:19:22,210 [Worker-36: Building] INFO  o.e.m.c.i.embedder.EclipseLogger - skip non existing resourceDirectory /home/tulasi/eclipse-workspace/BreackLock/BreachLock/src/main/resources
2024-03-04 17:19:22,214 [Worker-36: Building] INFO  o.e.m.c.i.embedder.EclipseLogger - Using 'UTF-8' encoding to copy filtered resources.
2024-03-04 17:19:22,215 [Worker-36: Building] INFO  o.e.m.c.i.embedder.EclipseLogger - skip non existing resourceDirectory /home/tulasi/eclipse-workspace/BreackLock/BreachLock/src/test/resources
2024-03-04 17:21:04,573 [Worker-44: Building] INFO  o.e.m.c.i.embedder.EclipseLogger - Using 'UTF-8' encoding to copy filtered resources.
2024-03-04 17:21:04,573 [Worker-44: Building] INFO  o.e.m.c.i.embedder.EclipseLogger - skip non existing resourceDirectory /home/tulasi/eclipse-workspace/BreackLock/BreachLock/src/main/resources
2024-03-04 17:21:04,578 [Worker-44: Building] INFO  o.e.m.c.i.embedder.EclipseLogger - Using 'UTF-8' encoding to copy filtered resources.
2024-03-04 17:21:04,578 [Worker-44: Building] INFO  o.e.m.c.i.embedder.EclipseLogger - skip non existing resourceDirectory /home/tulasi/eclipse-workspace/BreackLock/BreachLock/src/test/resources
2024-03-04 17:21:15,568 [Worker-45: Building] INFO  o.e.m.c.i.embedder.EclipseLogger - Using 'UTF-8' encoding to copy filtered resources.
2024-03-04 17:21:15,568 [Worker-45: Building] INFO  o.e.m.c.i.embedder.EclipseLogger - skip non existing resourceDirectory /home/tulasi/eclipse-workspace/BreackLock/BreachLock/src/main/resources
2024-03-04 17:21:15,569 [Worker-45: Building] INFO  o.e.m.c.i.embedder.EclipseLogger - Using 'UTF-8' encoding to copy filtered resources.
2024-03-04 17:21:15,569 [Worker-45: Building] INFO  o.e.m.c.i.embedder.EclipseLogger - skip non existing resourceDirectory /home/tulasi/eclipse-workspace/BreackLock/BreachLock/src/test/resources
2024-03-04 17:21:55,146 [Worker-36: Building] INFO  o.e.m.c.i.embedder.EclipseLogger - Using 'UTF-8' encoding to copy filtered resources.
2024-03-04 17:21:55,146 [Worker-36: Building] INFO  o.e.m.c.i.embedder.EclipseLogger - skip non existing resourceDirectory /home/tulasi/eclipse-workspace/BreackLock/BreachLock/src/main/resources
2024-03-04 17:21:55,148 [Worker-36: Building] INFO  o.e.m.c.i.embedder.EclipseLogger - Using 'UTF-8' encoding to copy filtered resources.
2024-03-04 17:21:55,148 [Worker-36: Building] INFO  o.e.m.c.i.embedder.EclipseLogger - skip non existing resourceDirectory /home/tulasi/eclipse-workspace/BreackLock/BreachLock/src/test/resources
2024-03-04 17:22:00,519 [Worker-36: Building] INFO  o.e.m.c.i.embedder.EclipseLogger - Using 'UTF-8' encoding to copy filtered resources.
2024-03-04 17:22:00,519 [Worker-36: Building] INFO  o.e.m.c.i.embedder.EclipseLogger - skip non existing resourceDirectory /home/tulasi/eclipse-workspace/BreackLock/BreachLock/src/main/resources
2024-03-04 17:22:00,520 [Worker-36: Building] INFO  o.e.m.c.i.embedder.EclipseLogger - Using 'UTF-8' encoding to copy filtered resources.
2024-03-04 17:22:00,520 [Worker-36: Building] INFO  o.e.m.c.i.embedder.EclipseLogger - skip non existing resourceDirectory /home/tulasi/eclipse-workspace/BreackLock/BreachLock/src/test/resources
2024-03-04 17:25:13,706 [Worker-36: Building] INFO  o.e.m.c.i.embedder.EclipseLogger - Using 'UTF-8' encoding to copy filtered resources.
2024-03-04 17:25:13,706 [Worker-36: Building] INFO  o.e.m.c.i.embedder.EclipseLogger - skip non existing resourceDirectory /home/tulasi/eclipse-workspace/BreackLock/BreachLock/src/main/resources
2024-03-04 17:25:13,707 [Worker-36: Building] INFO  o.e.m.c.i.embedder.EclipseLogger - Using 'UTF-8' encoding to copy filtered resources.
2024-03-04 17:25:13,707 [Worker-36: Building] INFO  o.e.m.c.i.embedder.EclipseLogger - skip non existing resourceDirectory /home/tulasi/eclipse-workspace/BreackLock/BreachLock/src/test/resources
